app/build/intermediates/manifest_merge_blame_file/debug/manifest-merger-blame-debug-report.txt
1<?xml version="1.0" encoding="utf-8"?>
2<manifest xmlns:android="http://schemas.android.com/apk/res/android"
3    package="com.example.geoloc"
4    android:versionCode="1"
5    android:versionName="1.0" >
6
7    <uses-sdk
8        android:minSdkVersion="24"
8-->src\main\AndroidManifest.xml
9        android:targetSdkVersion="29" />
9-->src\main\AndroidManifest.xml
10
11    <uses-permission android:name="android.permission.INTERNET" />
11-->src\main\AndroidManifest.xml:4:5-66
11-->src\main\AndroidManifest.xml:4:22-64
12    <uses-permission android:name="android.permission.ACCESS_FINE_LOCATION" />
12-->src\main\AndroidManifest.xml:5:5-78
12-->src\main\AndroidManifest.xml:5:22-76
13
14    <!-- Include required permissions for Google Maps API to run. -->
15    <uses-permission android:name="android.permission.ACCESS_NETWORK_STATE" />
15-->[com.google.android.gms:play-services-maps:16.1.0] AndroidManifest.xml:23:5-79
15-->[com.google.android.gms:play-services-maps:16.1.0] AndroidManifest.xml:23:22-76
16
17    <uses-feature
17-->[com.google.android.gms:play-services-maps:16.1.0] AndroidManifest.xml:26:5-28:35
18        android:glEsVersion="0x00020000"
18-->[com.google.android.gms:play-services-maps:16.1.0] AndroidManifest.xml:27:9-41
19        android:required="true" />
19-->[com.google.android.gms:play-services-maps:16.1.0] AndroidManifest.xml:28:9-32
20
21    <application
21-->src\main\AndroidManifest.xml:7:5-28:19
22        android:allowBackup="true"
22-->src\main\AndroidManifest.xml:8:9-35
23        android:appComponentFactory="androidx.core.app.CoreComponentFactory"
23-->[androidx.core:core:1.1.0] AndroidManifest.xml:24:18-86
24        android:debuggable="true"
25        android:extractNativeLibs="false"
26        android:icon="@mipmap/ic_launcher"
26-->src\main\AndroidManifest.xml:9:9-43
27        android:label="@string/app_name"
27-->src\main\AndroidManifest.xml:10:9-41
28        android:roundIcon="@mipmap/ic_launcher_round"
28-->src\main\AndroidManifest.xml:11:9-54
29        android:supportsRtl="true"
29-->src\main\AndroidManifest.xml:12:9-35
30        android:testOnly="true"
31        android:theme="@style/AppTheme" >
31-->src\main\AndroidManifest.xml:13:9-40
32        <activity android:name="com.example.geoloc.MainActivity" >
32-->src\main\AndroidManifest.xml:14:9-20:20
32-->src\main\AndroidManifest.xml:14:19-47
33            <intent-filter>
33-->src\main\AndroidManifest.xml:15:13-19:29
34                <action android:name="android.intent.action.MAIN" />
34-->src\main\AndroidManifest.xml:16:17-69
34-->src\main\AndroidManifest.xml:16:25-66
35
36                <category android:name="android.intent.category.LAUNCHER" />
36-->src\main\AndroidManifest.xml:18:17-77
36-->src\main\AndroidManifest.xml:18:27-74
37            </intent-filter>
38        </activity>
39
40        <meta-data
40-->src\main\AndroidManifest.xml:21:9-23:68
41            android:name="com.google.android.gms.version"
41-->src\main\AndroidManifest.xml:22:13-58
42            android:value="@integer/google_play_services_version" />
42-->src\main\AndroidManifest.xml:23:13-66
43        <meta-data
43-->src\main\AndroidManifest.xml:24:9-26:70
44            android:name="com.google.android.maps.v2.API_KEY"
44-->src\main\AndroidManifest.xml:25:13-62
45            android:value="AIzaSyB6pjyAkHq4y4a8rzwZRnPiAp5v1D91430" />
45-->src\main\AndroidManifest.xml:26:13-68
46
47        <!-- Needs to be explicitly declared on P+ -->
48        <uses-library
48-->[com.google.android.gms:play-services-maps:16.1.0] AndroidManifest.xml:33:9-35:40
49            android:name="org.apache.http.legacy"
49-->[com.google.android.gms:play-services-maps:16.1.0] AndroidManifest.xml:34:13-50
50            android:required="false" />
50-->[com.google.android.gms:play-services-maps:16.1.0] AndroidManifest.xml:35:13-37
51
52        <activity
52-->[com.google.android.gms:play-services-base:16.0.1] AndroidManifest.xml:23:9-26:75
53            android:name="com.google.android.gms.common.api.GoogleApiActivity"
53-->[com.google.android.gms:play-services-base:16.0.1] AndroidManifest.xml:24:13-79
54            android:exported="false"
54-->[com.google.android.gms:play-services-base:16.0.1] AndroidManifest.xml:25:13-37
55            android:theme="@android:style/Theme.Translucent.NoTitleBar" />
55-->[com.google.android.gms:play-services-base:16.0.1] AndroidManifest.xml:26:13-72
56    </application>
57
58</manifest>